<?xml version="1.0" encoding="UTF-8"?>
<!-- Generated by org.testng.reporters.JUnitReportReporter -->
<testsuite hostname="DESKTOP-8RU38C3" failures="0" tests="2" name="tests.OverviewTest" time="40.749" errors="0" timestamp="2024-10-30T14:48:23 WEST" skipped="0">
  <testcase classname="tests.OverviewTest" name="addToCart" time="19.845"/>
  <testcase classname="tests.OverviewTest" name="addToCartFailed" time="20.904"/>
</testsuite> <!-- tests.OverviewTest -->
